<?xml version="1.0" encoding="UTF-8" ?>
<testsuite tests="23" failures="0" name="com.dyy.mybatis.memoInfoTest.MemoInfoTest" time="0.242" errors="0" skipped="0">
  <properties>
[...]
</properties>
  <testcase classname="com.dyy.mybatis.memoInfoTest.MemoInfoTest" name="updateExceptedContentTest" time="0.165"/>
  <testcase classname="com.dyy.mybatis.memoInfoTest.MemoInfoTest" name="queryMemoInfoWithPrivacyAndLikeTitleOrBackgroundTest" time="0.001"/>
  <testcase classname="com.dyy.mybatis.memoInfoTest.MemoInfoTest" name="queryMemoInfoByIdReturnHashMapTest" time="0"/>
  <testcase classname="com.dyy.mybatis.memoInfoTest.MemoInfoTest" name="queryMemoInfoBetweenStartTimeAndEndTimeTest" time="0.006"/>
  <testcase classname="com.dyy.mybatis.memoInfoTest.MemoInfoTest" name="queryMemoInfoWithTitleOrContentTest" time="0.001"/>
  <testcase classname="com.dyy.mybatis.memoInfoTest.MemoInfoTest" name="queryMemoByPage1Test" time="0.001"/>
  <testcase classname="com.dyy.mybatis.memoInfoTest.MemoInfoTest" name="queryMemoInfoWithPrivacyAndLikeTitleAndBackground2Test" time="0"/>
  <testcase classname="com.dyy.mybatis.memoInfoTest.MemoInfoTest" name="queryMemoInfoByPageObjectTest" time="0.002"/>
  <testcase classname="com.dyy.mybatis.memoInfoTest.MemoInfoTest" name="queryMemoInfoInSameStationTest" time="0"/>
  <testcase classname="com.dyy.mybatis.memoInfoTest.MemoInfoTest" name="queryMemoInfoByArrayTest" time="0"/>
  <testcase classname="com.dyy.mybatis.memoInfoTest.MemoInfoTest" name="queryMemoInfoByMapTest" time="0.001"/>
  <testcase classname="com.dyy.mybatis.memoInfoTest.MemoInfoTest" name="queryMemoInfoAllTest" time="0.002"/>
  <testcase classname="com.dyy.mybatis.memoInfoTest.MemoInfoTest" name="insertMemoInfoTest" time="0.021"/>
  <testcase classname="com.dyy.mybatis.memoInfoTest.MemoInfoTest" name="updateMemoInfoTest" time="0.01"/>
  <testcase classname="com.dyy.mybatis.memoInfoTest.MemoInfoTest" name="queryMemoInfoByIdTest" time="0"/>
  <testcase classname="com.dyy.mybatis.memoInfoTest.MemoInfoTest" name="deleteMemoInfoByIdTest" time="0.003"/>
  <testcase classname="com.dyy.mybatis.memoInfoTest.MemoInfoTest" name="queryMemoInfoByPageTest" time="0.012"/>
  <testcase classname="com.dyy.mybatis.memoInfoTest.MemoInfoTest" name="queryMemoInfoWithPrivacyAndLikeTitleAndBackgroundTest" time="0.001"/>
  <testcase classname="com.dyy.mybatis.memoInfoTest.MemoInfoTest" name="queryMemoInfoByListTest" time="0"/>
  <testcase classname="com.dyy.mybatis.memoInfoTest.MemoInfoTest" name="queryMemoInfoAllReturnHashMapTest" time="0.001"/>
  <testcase classname="com.dyy.mybatis.memoInfoTest.MemoInfoTest" name="updateMemoInfoWithObjectTest" time="0.014"/>
  <testcase classname="com.dyy.mybatis.memoInfoTest.MemoInfoTest" name="queryMemoInfoWithTitleAndProtectedTest" time="0.001"/>
  <testcase classname="com.dyy.mybatis.memoInfoTest.MemoInfoTest" name="queryMemoInfoWithPrivacyAndLikeTitleTest" time="0"/>
</testsuite>